<?xml version="1.0" encoding="UTF-8"?>
<!-- Generated by org.testng.reporters.JUnitReportReporter -->
<testsuite skipped="0" hostname="DESKTOP-T3FFUFN" name="CucumberRunner.TestRunner" tests="2" failures="0" timestamp="2022-04-08T11:24:35 ICT" time="15.654" errors="0">
  <testcase name="runScenario" time="13.751" classname="CucumberRunner.TestRunner"/>
  <system-out/>
  <testcase name="runScenario" time="1.903" classname="CucumberRunner.TestRunner"/>
  <system-out/>
</testsuite> <!-- CucumberRunner.TestRunner -->
